<?xml version="1.0" encoding="UTF-8"?>
<testsuite xmlns:xsi="http://www.w3.org/2001/XMLSchema-instance" xsi:noNamespaceSchemaLocation="https://maven.apache.org/surefire/maven-surefire-plugin/xsd/surefire-test-report.xsd" version="3.0.2" name="com.ck.wi.HmbrandtApiRestApplicationTests" time="10.637" tests="1" errors="0" skipped="0" failures="0">
  <properties>
[...]
</properties>
  <testcase name="contextLoads" classname="com.ck.wi.HmbrandtApiRestApplicationTests" time="1.278">
    <system-out><![CDATA[17:17:59.378 [main] INFO org.springframework.test.context.support.AnnotationConfigContextLoaderUtils -- Could not detect default configuration classes for test class [com.ck.wi.HmbrandtApiRestApplicationTests]: HmbrandtApiRestApplicationTests does not declare any static, non-private, non-final, nested classes annotated with @Configuration.
17:17:59.499 [main] INFO org.springframework.boot.test.context.SpringBootTestContextBootstrapper -- Found @SpringBootConfiguration com.ck.wi.HmbrandtApiRestApplication for test class com.ck.wi.HmbrandtApiRestApplicationTests
17:17:59.756 [main] INFO org.springframework.boot.devtools.restart.RestartApplicationListener -- Restart disabled due to context in which it is running

  .   ____          _            __ _ _
 /\\ / ___'_ __ _ _(_)_ __  __ _ \ \ \ \
( ( )\___ | '_ | '_| | '_ \/ _` | \ \ \ \
 \\/  ___)| |_)| | | | | || (_| |  ) ) ) )
  '  |____| .__|_| |_|_| |_\__, | / / / /
 =========|_|==============|___/=/_/_/_/

 :: Spring Boot ::                (v3.4.5)

2025-05-07T17:18:00.127-05:00  INFO 53012 --- [           main] c.ck.wi.HmbrandtApiRestApplicationTests  : Starting HmbrandtApiRestApplicationTests using Java 17.0.10 with PID 53012 (started by ckarlos in C:\Users\ckarlos\OneDrive\Escritorio\hmbrandt-api-rest)
2025-05-07T17:18:00.128-05:00  INFO 53012 --- [           main] c.ck.wi.HmbrandtApiRestApplicationTests  : No active profile set, falling back to 1 default profile: "default"
2025-05-07T17:18:01.075-05:00  INFO 53012 --- [           main] .s.d.r.c.RepositoryConfigurationDelegate : Bootstrapping Spring Data JPA repositories in DEFAULT mode.
2025-05-07T17:18:01.180-05:00  INFO 53012 --- [           main] .s.d.r.c.RepositoryConfigurationDelegate : Finished Spring Data repository scanning in 89 ms. Found 4 JPA repository interfaces.
2025-05-07T17:18:01.875-05:00  INFO 53012 --- [           main] com.zaxxer.hikari.HikariDataSource       : HikariPool-1 - Starting...
2025-05-07T17:18:02.551-05:00  INFO 53012 --- [           main] com.zaxxer.hikari.pool.HikariPool        : HikariPool-1 - Added connection com.mysql.cj.jdbc.ConnectionImpl@7b222230
2025-05-07T17:18:02.555-05:00  INFO 53012 --- [           main] com.zaxxer.hikari.HikariDataSource       : HikariPool-1 - Start completed.
2025-05-07T17:18:02.626-05:00  INFO 53012 --- [           main] o.hibernate.jpa.internal.util.LogHelper  : HHH000204: Processing PersistenceUnitInfo [name: default]
2025-05-07T17:18:02.756-05:00  INFO 53012 --- [           main] org.hibernate.Version                    : HHH000412: Hibernate ORM core version 6.6.13.Final
2025-05-07T17:18:02.844-05:00  INFO 53012 --- [           main] o.h.c.internal.RegionFactoryInitiator    : HHH000026: Second-level cache disabled
2025-05-07T17:18:03.705-05:00  INFO 53012 --- [           main] o.s.o.j.p.SpringPersistenceUnitInfo      : No LoadTimeWeaver setup: ignoring JPA class transformer
2025-05-07T17:18:03.899-05:00  WARN 53012 --- [           main] org.hibernate.dialect.Dialect            : HHH000511: The 5.5.5 version for [org.hibernate.dialect.MySQLDialect] is no longer supported, hence certain features may not work properly. The minimum supported version is 8.0.0. Check the community dialects project for available legacy versions.
2025-05-07T17:18:03.902-05:00  WARN 53012 --- [           main] org.hibernate.orm.deprecation            : HHH90000025: MySQLDialect does not need to be specified explicitly using 'hibernate.dialect' (remove the property setting and it will be selected by default)
2025-05-07T17:18:03.918-05:00  INFO 53012 --- [           main] org.hibernate.orm.connections.pooling    : HHH10001005: Database info:
	Database JDBC URL [Connecting through datasource 'HikariDataSource (HikariPool-1)']
	Database driver: undefined/unknown
	Database version: 5.5.5
	Autocommit mode: undefined/unknown
	Isolation level: undefined/unknown
	Minimum pool size: undefined/unknown
	Maximum pool size: undefined/unknown
2025-05-07T17:18:05.957-05:00  INFO 53012 --- [           main] o.h.e.t.j.p.i.JtaPlatformInitiator       : HHH000489: No JTA platform available (set 'hibernate.transaction.jta.platform' to enable JTA platform integration)
2025-05-07T17:18:05.964-05:00  INFO 53012 --- [           main] j.LocalContainerEntityManagerFactoryBean : Initialized JPA EntityManagerFactory for persistence unit 'default'
2025-05-07T17:18:07.032-05:00  WARN 53012 --- [           main] JpaBaseConfiguration$JpaWebConfiguration : spring.jpa.open-in-view is enabled by default. Therefore, database queries may be performed during view rendering. Explicitly configure spring.jpa.open-in-view to disable this warning
2025-05-07T17:18:08.484-05:00  INFO 53012 --- [           main] c.ck.wi.HmbrandtApiRestApplicationTests  : Started HmbrandtApiRestApplicationTests in 8.761 seconds (process running for 9.907)
]]></system-out>
  </testcase>
</testsuite>